# JRE version: OpenJDK Runtime Environment Temurin-21.0.12.1+1 (21.0.12.1+1) (build 21.0.12.1+1-LTS)
# Java VM: OpenJDK 64-Bit Server VM Temurin-21.0.12.1+1 (21.0.12.1+1-LTS, mixed mode, sharing, tiered, compressed oops, compressed class ptrs, g1 gc, windows-amd64)
GC Precious Log:
 CardTable entry size: 512
 Card Set container configuration: InlinePtr #cards 5 size 8 Array Of Cards #cards 12 size 40 Howl #buckets 4 coarsen threshold 1843 Howl Bitmap #cards 512 size 80 coarsen threshold 460 Card regions per heap region 1 cards per card region 2048
 CPUs: 8 total, 8 available
 Memory: 7886M
 Large Page Support: Disabled
 NUMA Support: Disabled
 Compressed Oops: Enabled (32-bit)
 Heap Region Size: 1M
 Heap Min Capacity: 8M
 Heap Initial Capacity: 124M
 Heap Max Capacity: 2G
 Pre-touch: Disabled
 Parallel Workers: 8
 Concurrent Workers: 2
 Concurrent Refinement Workers: 8
 Periodic GC: Disabled
Heap:
 garbage-first heap   total 126976K, used 34222K [0x0000000080000000, 0x0000000100000000)
  region size 1024K, 1 young (1024K), 1 survivors (1024K)
 Metaspace       used 38413K, committed 39744K, reserved 1114112K
  class space    used 5503K, committed 6144K, reserved 1048576K
GC Heap History (19 events):
Event: 4.616 GC heap before
{Heap before GC invocations=0 (full 0):
 garbage-first heap   total 126976K, used 26624K [0x0000000080000000, 0x0000000100000000)
  region size 1024K, 23 young (23552K), 0 survivors (0K)
 Metaspace       used 1100K, committed 1216K, reserved 1114112K
  class space    used 80K, committed 128K, reserved 1048576K
}
Event: 5.067 GC heap after
{Heap after GC invocations=1 (full 0):
 garbage-first heap   total 126976K, used 10112K [0x0000000080000000, 0x0000000100000000)
  region size 1024K, 3 young (3072K), 3 survivors (3072K)
 Metaspace       used 1100K, committed 1216K, reserved 1114112K
  class space    used 80K, committed 128K, reserved 1048576K
}
Event: 8.139 GC heap before
{Heap before GC invocations=1 (full 0):
 garbage-first heap   total 126976K, used 40832K [0x0000000080000000, 0x0000000100000000)
  region size 1024K, 33 young (33792K), 3 survivors (3072K)
 Metaspace       used 4271K, committed 4480K, reserved 1114112K
  class space    used 545K, committed 640K, reserved 1048576K
}
Event: 8.146 GC heap after
{Heap after GC invocations=2 (full 0):
 garbage-first heap   total 126976K, used 11837K [0x0000000080000000, 0x0000000100000000)
  region size 1024K, 2 young (2048K), 2 survivors (2048K)
 Metaspace       used 4271K, committed 4480K, reserved 1114112K
  class space    used 545K, committed 640K, reserved 1048576K
}
Event: 24.142 GC heap before
{Heap before GC invocations=2 (full 0):
 garbage-first heap   total 126976K, used 86589K [0x0000000080000000, 0x0000000100000000)
  region size 1024K, 74 young (75776K), 2 survivors (2048K)
 Metaspace       used 12746K, committed 13120K, reserved 1114112K
  class space    used 1729K, committed 1920K, reserved 1048576K
}
Event: 24.288 GC heap after
{Heap after GC invocations=3 (full 0):
 garbage-first heap   total 126976K, used 21055K [0x0000000080000000, 0x0000000100000000)
  region size 1024K, 10 young (10240K), 10 survivors (10240K)
 Metaspace       used 12746K, committed 13120K, reserved 1114112K
  class space    used 1729K, committed 1920K, reserved 1048576K
}
Event: 33.166 GC heap before
{Heap before GC invocations=3 (full 0):
 garbage-first heap   total 126976K, used 75327K [0x0000000080000000, 0x0000000100000000)
  region size 1024K, 64 young (65536K), 10 survivors (10240K)
 Metaspace       used 20883K, committed 21504K, reserved 1114112K
  class space    used 3042K, committed 3328K, reserved 1048576K
}
Event: 33.179 GC heap after
{Heap after GC invocations=4 (full 0):
 garbage-first heap   total 126976K, used 24803K [0x0000000080000000, 0x0000000100000000)
  region size 1024K, 4 young (4096K), 4 survivors (4096K)
 Metaspace       used 20883K, committed 21504K, reserved 1114112K
  class space    used 3042K, committed 3328K, reserved 1048576K
}
Event: 40.061 GC heap before
{Heap before GC invocations=5 (full 0):
 garbage-first heap   total 86016K, used 71907K [0x0000000080000000, 0x0000000100000000)
  region size 1024K, 50 young (51200K), 4 survivors (4096K)
 Metaspace       used 26980K, committed 27968K, reserved 1114112K
  class space    used 4028K, committed 4480K, reserved 1048576K
}
Event: 40.076 GC heap after
{Heap after GC invocations=6 (full 0):
 garbage-first heap   total 86016K, used 27328K [0x0000000080000000, 0x0000000100000000)
  region size 1024K, 7 young (7168K), 7 survivors (7168K)
 Metaspace       used 26980K, committed 27968K, reserved 1114112K
  class space    used 4028K, committed 4480K, reserved 1048576K
}
Event: 62.988 GC heap before
{Heap before GC invocations=6 (full 0):
 garbage-first heap   total 86016K, used 69312K [0x0000000080000000, 0x0000000100000000)
  region size 1024K, 49 young (50176K), 7 survivors (7168K)
 Metaspace       used 34449K, committed 35648K, reserved 1114112K
  class space    used 5017K, committed 5632K, reserved 1048576K
}
Event: 63.000 GC heap after
{Heap after GC invocations=7 (full 0):
 garbage-first heap   total 86016K, used 31021K [0x0000000080000000, 0x0000000100000000)
  region size 1024K, 7 young (7168K), 7 survivors (7168K)
 Metaspace       used 34449K, committed 35648K, reserved 1114112K
  class space    used 5017K, committed 5632K, reserved 1048576K
}
Event: 63.205 GC heap before
{Heap before GC invocations=7 (full 0):
 garbage-first heap   total 86016K, used 32045K [0x0000000080000000, 0x0000000100000000)
  region size 1024K, 9 young (9216K), 7 survivors (7168K)
 Metaspace       used 34901K, committed 36096K, reserved 1114112K
  class space    used 5046K, committed 5632K, reserved 1048576K
}
Event: 63.226 GC heap after
{Heap after GC invocations=8 (full 0):
 garbage-first heap   total 86016K, used 31324K [0x0000000080000000, 0x0000000100000000)
  region size 1024K, 1 young (1024K), 1 survivors (1024K)
 Metaspace       used 34901K, committed 36096K, reserved 1114112K
  class space    used 5046K, committed 5632K, reserved 1048576K
}
Event: 95.539 GC heap before
{Heap before GC invocations=9 (full 0):
 garbage-first heap   total 86016K, used 78428K [0x0000000080000000, 0x0000000100000000)
  region size 1024K, 43 young (44032K), 1 survivors (1024K)
 Metaspace       used 38071K, committed 39360K, reserved 1114112K
  class space    used 5445K, committed 6080K, reserved 1048576K
}
Event: 110.670 GC heap after
{Heap after GC invocations=10 (full 0):
 garbage-first heap   total 86016K, used 34375K [0x0000000080000000, 0x0000000100000000)
  region size 1024K, 4 young (4096K), 4 survivors (4096K)
 Metaspace       used 38071K, committed 39360K, reserved 1114112K
  class space    used 5445K, committed 6080K, reserved 1048576K
}
Event: 112.741 GC heap before
{Heap before GC invocations=10 (full 0):
 garbage-first heap   total 86016K, used 35399K [0x0000000080000000, 0x0000000100000000)
  region size 1024K, 5 young (5120K), 4 survivors (4096K)
 Metaspace       used 38178K, committed 39488K, reserved 1114112K
  class space    used 5473K, committed 6144K, reserved 1048576K
}
Event: 112.836 GC heap after
{Heap after GC invocations=11 (full 0):
 garbage-first heap   total 86016K, used 34094K [0x0000000080000000, 0x0000000100000000)
  region size 1024K, 1 young (1024K), 1 survivors (1024K)
 Metaspace       used 38178K, committed 39488K, reserved 1114112K
  class space    used 5473K, committed 6144K, reserved 1048576K
}
Event: 114.576 GC heap before
{Heap before GC invocations=11 (full 0):
 garbage-first heap   total 86016K, used 37166K [0x0000000080000000, 0x0000000100000000)
  region size 1024K, 4 young (4096K), 1 survivors (1024K)
 Metaspace       used 38413K, committed 39744K, reserved 1114112K
  class space    used 5503K, committed 6144K, reserved 1048576K
}

