# JRE version: OpenJDK Runtime Environment Temurin-21.0.12.1+1 (21.0.12.1+1) (build 21.0.12.1+1-LTS)
# Java VM: OpenJDK 64-Bit Server VM Temurin-21.0.12.1+1 (21.0.12.1+1-LTS, mixed mode, sharing, tiered, compressed oops, compressed class ptrs, g1 gc, windows-amd64)
GC Precious Log:
 CardTable entry size: 512
 Card Set container configuration: InlinePtr #cards 5 size 8 Array Of Cards #cards 12 size 40 Howl #buckets 4 coarsen threshold 1843 Howl Bitmap #cards 512 size 80 coarsen threshold 460 Card regions per heap region 1 cards per card region 2048
 CPUs: 8 total, 8 available
 Memory: 7886M
 Large Page Support: Disabled
 NUMA Support: Disabled
 Compressed Oops: Enabled (32-bit)
 Heap Region Size: 1M
 Heap Min Capacity: 8M
 Heap Initial Capacity: 124M
 Heap Max Capacity: 2G
 Pre-touch: Disabled
 Parallel Workers: 8
 Concurrent Workers: 2
 Concurrent Refinement Workers: 8
 Periodic GC: Disabled
Heap:
 garbage-first heap   total 86016K, used 45221K [0x0000000080000000, 0x0000000100000000)
  region size 1024K, 11 young (11264K), 3 survivors (3072K)
 Metaspace       used 45071K, committed 46592K, reserved 1114112K
  class space    used 6487K, committed 7232K, reserved 1048576K
GC Heap History (18 events):
Event: 4.842 GC heap before
{Heap before GC invocations=0 (full 0):
 garbage-first heap   total 126976K, used 26624K [0x0000000080000000, 0x0000000100000000)
  region size 1024K, 23 young (23552K), 0 survivors (0K)
 Metaspace       used 1123K, committed 1216K, reserved 1114112K
  class space    used 83K, committed 128K, reserved 1048576K
}
Event: 5.261 GC heap after
{Heap after GC invocations=1 (full 0):
 garbage-first heap   total 126976K, used 10240K [0x0000000080000000, 0x0000000100000000)
  region size 1024K, 3 young (3072K), 3 survivors (3072K)
 Metaspace       used 1123K, committed 1216K, reserved 1114112K
  class space    used 83K, committed 128K, reserved 1048576K
}
Event: 8.958 GC heap before
{Heap before GC invocations=1 (full 0):
 garbage-first heap   total 126976K, used 39936K [0x0000000080000000, 0x0000000100000000)
  region size 1024K, 32 young (32768K), 3 survivors (3072K)
 Metaspace       used 4268K, committed 4416K, reserved 1114112K
  class space    used 547K, committed 640K, reserved 1048576K
}
Event: 8.965 GC heap after
{Heap after GC invocations=2 (full 0):
 garbage-first heap   total 126976K, used 12014K [0x0000000080000000, 0x0000000100000000)
  region size 1024K, 2 young (2048K), 2 survivors (2048K)
 Metaspace       used 4268K, committed 4416K, reserved 1114112K
  class space    used 547K, committed 640K, reserved 1048576K
}
Event: 20.563 GC heap before
{Heap before GC invocations=2 (full 0):
 garbage-first heap   total 126976K, used 86766K [0x0000000080000000, 0x0000000100000000)
  region size 1024K, 74 young (75776K), 2 survivors (2048K)
 Metaspace       used 12437K, committed 12864K, reserved 1114112K
  class space    used 1682K, committed 1856K, reserved 1048576K
}
Event: 20.724 GC heap after
{Heap after GC invocations=3 (full 0):
 garbage-first heap   total 126976K, used 21725K [0x0000000080000000, 0x0000000100000000)
  region size 1024K, 10 young (10240K), 10 survivors (10240K)
 Metaspace       used 12437K, committed 12864K, reserved 1114112K
  class space    used 1682K, committed 1856K, reserved 1048576K
}
Event: 34.739 GC heap before
{Heap before GC invocations=3 (full 0):
 garbage-first heap   total 126976K, used 77021K [0x0000000080000000, 0x0000000100000000)
  region size 1024K, 66 young (67584K), 10 survivors (10240K)
 Metaspace       used 20883K, committed 21504K, reserved 1114112K
  class space    used 3043K, committed 3328K, reserved 1048576K
}
Event: 34.761 GC heap after
{Heap after GC invocations=4 (full 0):
 garbage-first heap   total 126976K, used 25115K [0x0000000080000000, 0x0000000100000000)
  region size 1024K, 4 young (4096K), 4 survivors (4096K)
 Metaspace       used 20883K, committed 21504K, reserved 1114112K
  class space    used 3043K, committed 3328K, reserved 1048576K
}
Event: 42.142 GC heap before
{Heap before GC invocations=5 (full 0):
 garbage-first heap   total 86016K, used 72219K [0x0000000080000000, 0x0000000100000000)
  region size 1024K, 50 young (51200K), 4 survivors (4096K)
 Metaspace       used 27079K, committed 28096K, reserved 1114112K
  class space    used 4051K, committed 4544K, reserved 1048576K
}
Event: 42.173 GC heap after
{Heap after GC invocations=6 (full 0):
 garbage-first heap   total 86016K, used 27520K [0x0000000080000000, 0x0000000100000000)
  region size 1024K, 7 young (7168K), 7 survivors (7168K)
 Metaspace       used 27079K, committed 28096K, reserved 1114112K
  class space    used 4051K, committed 4544K, reserved 1048576K
}
Event: 64.534 GC heap before
{Heap before GC invocations=6 (full 0):
 garbage-first heap   total 86016K, used 69504K [0x0000000080000000, 0x0000000100000000)
  region size 1024K, 49 young (50176K), 7 survivors (7168K)
 Metaspace       used 34508K, committed 35712K, reserved 1114112K
  class space    used 5034K, committed 5632K, reserved 1048576K
}
Event: 64.553 GC heap after
{Heap after GC invocations=7 (full 0):
 garbage-first heap   total 86016K, used 31445K [0x0000000080000000, 0x0000000100000000)
  region size 1024K, 7 young (7168K), 7 survivors (7168K)
 Metaspace       used 34508K, committed 35712K, reserved 1114112K
  class space    used 5034K, committed 5632K, reserved 1048576K
}
Event: 68.455 GC heap before
{Heap before GC invocations=7 (full 0):
 garbage-first heap   total 86016K, used 59093K [0x0000000080000000, 0x0000000100000000)
  region size 1024K, 35 young (35840K), 7 survivors (7168K)
 Metaspace       used 35976K, committed 37248K, reserved 1114112K
  class space    used 5197K, committed 5824K, reserved 1048576K
}
Event: 68.463 GC heap after
{Heap after GC invocations=8 (full 0):
 garbage-first heap   total 86016K, used 33749K [0x0000000080000000, 0x0000000100000000)
  region size 1024K, 3 young (3072K), 3 survivors (3072K)
 Metaspace       used 35976K, committed 37248K, reserved 1114112K
  class space    used 5197K, committed 5824K, reserved 1048576K
}
Event: 121.533 GC heap before
{Heap before GC invocations=9 (full 0):
 garbage-first heap   total 86016K, used 78805K [0x0000000080000000, 0x0000000100000000)
  region size 1024K, 42 young (43008K), 3 survivors (3072K)
 Metaspace       used 39568K, committed 40896K, reserved 1114112K
  class space    used 5679K, committed 6336K, reserved 1048576K
}
Event: 121.569 GC heap after
{Heap after GC invocations=10 (full 0):
 garbage-first heap   total 86016K, used 36579K [0x0000000080000000, 0x0000000100000000)
  region size 1024K, 6 young (6144K), 6 survivors (6144K)
 Metaspace       used 39568K, committed 40896K, reserved 1114112K
  class space    used 5679K, committed 6336K, reserved 1048576K
}
Event: 131.561 GC heap before
{Heap before GC invocations=10 (full 0):
 garbage-first heap   total 86016K, used 75491K [0x0000000080000000, 0x0000000100000000)
  region size 1024K, 42 young (43008K), 6 survivors (6144K)
 Metaspace       used 44250K, committed 45760K, reserved 1114112K
  class space    used 6361K, committed 7104K, reserved 1048576K
}
Event: 131.584 GC heap after
{Heap after GC invocations=11 (full 0):
 garbage-first heap   total 86016K, used 38053K [0x0000000080000000, 0x0000000100000000)
  region size 1024K, 3 young (3072K), 3 survivors (3072K)
 Metaspace       used 44250K, committed 45760K, reserved 1114112K
  class space    used 6361K, committed 7104K, reserved 1048576K
}

