# JRE version: OpenJDK Runtime Environment Temurin-21.0.12.1+1 (21.0.12.1+1) (build 21.0.12.1+1-LTS)
# Java VM: OpenJDK 64-Bit Server VM Temurin-21.0.12.1+1 (21.0.12.1+1-LTS, mixed mode, sharing, tiered, compressed oops, compressed class ptrs, parallel gc, windows-amd64)
GC Precious Log:
 CardTable entry size: 512
 CPUs: 8 total, 8 available
 Memory: 7886M
 Large Page Support: Disabled
 NUMA Support: Disabled
 Compressed Oops: Enabled (32-bit)
 Alignments: Space 512K, Generation 512K, Heap 2M
 Heap Min Capacity: 100M
 Heap Initial Capacity: 100M
 Heap Max Capacity: 2G
 Pre-touch: Disabled
 Parallel Workers: 8
Heap:
 PSYoungGen      total 20480K, used 7143K [0x00000000d5580000, 0x00000000d6b80000, 0x0000000100000000)
  eden space 19968K, 34% used [0x00000000d5580000,0x00000000d5c31e98,0x00000000d6900000)
  from space 512K, 56% used [0x00000000d6b00000,0x00000000d6b48000,0x00000000d6b80000)
  to   space 1024K, 0% used [0x00000000d6980000,0x00000000d6980000,0x00000000d6a80000)
 ParOldGen       total 68608K, used 33448K [0x0000000080000000, 0x0000000084300000, 0x00000000d5580000)
  object space 68608K, 48% used [0x0000000080000000,0x00000000820aa110,0x0000000084300000)
 Metaspace       used 43033K, committed 44160K, reserved 1114112K
  class space    used 4340K, committed 4864K, reserved 1048576K
GC Heap History (20 events):
Event: 23.113 GC heap before
{Heap before GC invocations=17 (full 1):
 PSYoungGen      total 24064K, used 23648K [0x00000000d5580000, 0x00000000d6f80000, 0x0000000100000000)
  eden space 21504K, 100% used [0x00000000d5580000,0x00000000d6a80000,0x00000000d6a80000)
  from space 2560K, 83% used [0x00000000d6a80000,0x00000000d6c98010,0x00000000d6d00000)
  to   space 2560K, 0% used [0x00000000d6d00000,0x00000000d6d00000,0x00000000d6f80000)
 ParOldGen       total 68608K, used 25484K [0x0000000080000000, 0x0000000084300000, 0x00000000d5580000)
  object space 68608K, 37% used [0x0000000080000000,0x00000000818e3338,0x0000000084300000)
 Metaspace       used 32781K, committed 33792K, reserved 1114112K
  class space    used 3332K, committed 3776K, reserved 1048576K
}
Event: 23.117 GC heap after
{Heap after GC invocations=17 (full 1):
 PSYoungGen      total 23552K, used 1944K [0x00000000d5580000, 0x00000000d6f00000, 0x0000000100000000)
  eden space 21504K, 0% used [0x00000000d5580000,0x00000000d5580000,0x00000000d6a80000)
  from space 2048K, 94% used [0x00000000d6d00000,0x00000000d6ee6200,0x00000000d6f00000)
  to   space 2048K, 0% used [0x00000000d6b00000,0x00000000d6b00000,0x00000000d6d00000)
 ParOldGen       total 68608K, used 27532K [0x0000000080000000, 0x0000000084300000, 0x00000000d5580000)
  object space 68608K, 40% used [0x0000000080000000,0x0000000081ae3348,0x0000000084300000)
 Metaspace       used 32781K, committed 33792K, reserved 1114112K
  class space    used 3332K, committed 3776K, reserved 1048576K
}
Event: 23.672 GC heap before
{Heap before GC invocations=18 (full 1):
 PSYoungGen      total 23552K, used 23448K [0x00000000d5580000, 0x00000000d6f00000, 0x0000000100000000)
  eden space 21504K, 100% used [0x00000000d5580000,0x00000000d6a80000,0x00000000d6a80000)
  from space 2048K, 94% used [0x00000000d6d00000,0x00000000d6ee6200,0x00000000d6f00000)
  to   space 2048K, 0% used [0x00000000d6b00000,0x00000000d6b00000,0x00000000d6d00000)
 ParOldGen       total 68608K, used 27532K [0x0000000080000000, 0x0000000084300000, 0x00000000d5580000)
  object space 68608K, 40% used [0x0000000080000000,0x0000000081ae3348,0x0000000084300000)
 Metaspace       used 34244K, committed 35200K, reserved 1114112K
  class space    used 3525K, committed 3968K, reserved 1048576K
}
Event: 23.677 GC heap after
{Heap after GC invocations=18 (full 1):
 PSYoungGen      total 23040K, used 1515K [0x00000000d5580000, 0x00000000d6e80000, 0x0000000100000000)
  eden space 21504K, 0% used [0x00000000d5580000,0x00000000d5580000,0x00000000d6a80000)
  from space 1536K, 98% used [0x00000000d6b00000,0x00000000d6c7ae58,0x00000000d6c80000)
  to   space 2048K, 0% used [0x00000000d6c80000,0x00000000d6c80000,0x00000000d6e80000)
 ParOldGen       total 68608K, used 29373K [0x0000000080000000, 0x0000000084300000, 0x00000000d5580000)
  object space 68608K, 42% used [0x0000000080000000,0x0000000081caf548,0x0000000084300000)
 Metaspace       used 34244K, committed 35200K, reserved 1114112K
  class space    used 3525K, committed 3968K, reserved 1048576K
}
Event: 23.793 GC heap before
{Heap before GC invocations=19 (full 1):
 PSYoungGen      total 23040K, used 3754K [0x00000000d5580000, 0x00000000d6e80000, 0x0000000100000000)
  eden space 21504K, 10% used [0x00000000d5580000,0x00000000d57afc30,0x00000000d6a80000)
  from space 1536K, 98% used [0x00000000d6b00000,0x00000000d6c7ae58,0x00000000d6c80000)
  to   space 2048K, 0% used [0x00000000d6c80000,0x00000000d6c80000,0x00000000d6e80000)
 ParOldGen       total 68608K, used 29373K [0x0000000080000000, 0x0000000084300000, 0x00000000d5580000)
  object space 68608K, 42% used [0x0000000080000000,0x0000000081caf548,0x0000000084300000)
 Metaspace       used 34867K, committed 35904K, reserved 1114112K
  class space    used 3563K, committed 4032K, reserved 1048576K
}
Event: 23.795 GC heap after
{Heap after GC invocations=19 (full 1):
 PSYoungGen      total 22016K, used 192K [0x00000000d5580000, 0x00000000d6d00000, 0x0000000100000000)
  eden space 21504K, 0% used [0x00000000d5580000,0x00000000d5580000,0x00000000d6a80000)
  from space 512K, 37% used [0x00000000d6c80000,0x00000000d6cb0000,0x00000000d6d00000)
  to   space 1024K, 0% used [0x00000000d6b00000,0x00000000d6b00000,0x00000000d6c00000)
 ParOldGen       total 68608K, used 30743K [0x0000000080000000, 0x0000000084300000, 0x00000000d5580000)
  object space 68608K, 44% used [0x0000000080000000,0x0000000081e05f98,0x0000000084300000)
 Metaspace       used 34867K, committed 35904K, reserved 1114112K
  class space    used 3563K, committed 4032K, reserved 1048576K
}
Event: 24.020 GC heap before
{Heap before GC invocations=20 (full 1):
 PSYoungGen      total 22016K, used 4878K [0x00000000d5580000, 0x00000000d6d00000, 0x0000000100000000)
  eden space 21504K, 21% used [0x00000000d5580000,0x00000000d5a13980,0x00000000d6a80000)
  from space 512K, 37% used [0x00000000d6c80000,0x00000000d6cb0000,0x00000000d6d00000)
  to   space 1024K, 0% used [0x00000000d6b00000,0x00000000d6b00000,0x00000000d6c00000)
 ParOldGen       total 68608K, used 30743K [0x0000000080000000, 0x0000000084300000, 0x00000000d5580000)
  object space 68608K, 44% used [0x0000000080000000,0x0000000081e05f98,0x0000000084300000)
 Metaspace       used 35153K, committed 36160K, reserved 1114112K
  class space    used 3593K, committed 4032K, reserved 1048576K
}
Event: 24.021 GC heap after
{Heap after GC invocations=20 (full 1):
 PSYoungGen      total 22528K, used 224K [0x00000000d5580000, 0x00000000d6d00000, 0x0000000100000000)
  eden space 21504K, 0% used [0x00000000d5580000,0x00000000d5580000,0x00000000d6a80000)
  from space 1024K, 21% used [0x00000000d6b00000,0x00000000d6b38000,0x00000000d6c00000)
  to   space 512K, 0% used [0x00000000d6c80000,0x00000000d6c80000,0x00000000d6d00000)
 ParOldGen       total 68608K, used 30823K [0x0000000080000000, 0x0000000084300000, 0x00000000d5580000)
  object space 68608K, 44% used [0x0000000080000000,0x0000000081e19f98,0x0000000084300000)
 Metaspace       used 35153K, committed 36160K, reserved 1114112K
  class space    used 3593K, committed 4032K, reserved 1048576K
}
Event: 24.021 GC heap before
{Heap before GC invocations=21 (full 2):
 PSYoungGen      total 22528K, used 224K [0x00000000d5580000, 0x00000000d6d00000, 0x0000000100000000)
  eden space 21504K, 0% used [0x00000000d5580000,0x00000000d5580000,0x00000000d6a80000)
  from space 1024K, 21% used [0x00000000d6b00000,0x00000000d6b38000,0x00000000d6c00000)
  to   space 512K, 0% used [0x00000000d6c80000,0x00000000d6c80000,0x00000000d6d00000)
 ParOldGen       total 68608K, used 30823K [0x0000000080000000, 0x0000000084300000, 0x00000000d5580000)
  object space 68608K, 44% used [0x0000000080000000,0x0000000081e19f98,0x0000000084300000)
 Metaspace       used 35153K, committed 36160K, reserved 1114112K
  class space    used 3593K, committed 4032K, reserved 1048576K
}
Event: 24.078 GC heap after
{Heap after GC invocations=21 (full 2):
 PSYoungGen      total 22528K, used 0K [0x00000000d5580000, 0x00000000d6d00000, 0x0000000100000000)
  eden space 21504K, 0% used [0x00000000d5580000,0x00000000d5580000,0x00000000d6a80000)
  from space 1024K, 0% used [0x00000000d6b00000,0x00000000d6b00000,0x00000000d6c00000)
  to   space 512K, 0% used [0x00000000d6c80000,0x00000000d6c80000,0x00000000d6d00000)
 ParOldGen       total 68608K, used 29527K [0x0000000080000000, 0x0000000084300000, 0x00000000d5580000)
  object space 68608K, 43% used [0x0000000080000000,0x0000000081cd5cc0,0x0000000084300000)
 Metaspace       used 35109K, committed 36160K, reserved 1114112K
  class space    used 3580K, committed 4032K, reserved 1048576K
}
Event: 25.483 GC heap before
{Heap before GC invocations=22 (full 2):
 PSYoungGen      total 22528K, used 21504K [0x00000000d5580000, 0x00000000d6d00000, 0x0000000100000000)
  eden space 21504K, 100% used [0x00000000d5580000,0x00000000d6a80000,0x00000000d6a80000)
  from space 1024K, 0% used [0x00000000d6b00000,0x00000000d6b00000,0x00000000d6c00000)
  to   space 512K, 0% used [0x00000000d6c80000,0x00000000d6c80000,0x00000000d6d00000)
 ParOldGen       total 68608K, used 29527K [0x0000000080000000, 0x0000000084300000, 0x00000000d5580000)
  object space 68608K, 43% used [0x0000000080000000,0x0000000081cd5cc0,0x0000000084300000)
 Metaspace       used 36114K, committed 37120K, reserved 1114112K
  class space    used 3707K, committed 4160K, reserved 1048576K
}
Event: 25.484 GC heap after
{Heap after GC invocations=22 (full 2):
 PSYoungGen      total 22016K, used 416K [0x00000000d5580000, 0x00000000d6d00000, 0x0000000100000000)
  eden space 21504K, 0% used [0x00000000d5580000,0x00000000d5580000,0x00000000d6a80000)
  from space 512K, 81% used [0x00000000d6c80000,0x00000000d6ce8000,0x00000000d6d00000)
  to   space 512K, 0% used [0x00000000d6c00000,0x00000000d6c00000,0x00000000d6c80000)
 ParOldGen       total 68608K, used 29535K [0x0000000080000000, 0x0000000084300000, 0x00000000d5580000)
  object space 68608K, 43% used [0x0000000080000000,0x0000000081cd7cc0,0x0000000084300000)
 Metaspace       used 36114K, committed 37120K, reserved 1114112K
  class space    used 3707K, committed 4160K, reserved 1048576K
}
Event: 26.646 GC heap before
{Heap before GC invocations=23 (full 2):
 PSYoungGen      total 22016K, used 21920K [0x00000000d5580000, 0x00000000d6d00000, 0x0000000100000000)
  eden space 21504K, 100% used [0x00000000d5580000,0x00000000d6a80000,0x00000000d6a80000)
  from space 512K, 81% used [0x00000000d6c80000,0x00000000d6ce8000,0x00000000d6d00000)
  to   space 512K, 0% used [0x00000000d6c00000,0x00000000d6c00000,0x00000000d6c80000)
 ParOldGen       total 68608K, used 29535K [0x0000000080000000, 0x0000000084300000, 0x00000000d5580000)
  object space 68608K, 43% used [0x0000000080000000,0x0000000081cd7cc0,0x0000000084300000)
 Metaspace       used 38635K, committed 39680K, reserved 1114112K
  class space    used 3935K, committed 4416K, reserved 1048576K
}
Event: 26.648 GC heap after
{Heap after GC invocations=23 (full 2):
 PSYoungGen      total 22016K, used 480K [0x00000000d5580000, 0x00000000d6e80000, 0x0000000100000000)
  eden space 21504K, 0% used [0x00000000d5580000,0x00000000d5580000,0x00000000d6a80000)
  from space 512K, 93% used [0x00000000d6c00000,0x00000000d6c78020,0x00000000d6c80000)
  to   space 2048K, 0% used [0x00000000d6c80000,0x00000000d6c80000,0x00000000d6e80000)
 ParOldGen       total 68608K, used 30672K [0x0000000080000000, 0x0000000084300000, 0x00000000d5580000)
  object space 68608K, 44% used [0x0000000080000000,0x0000000081df43f0,0x0000000084300000)
 Metaspace       used 38635K, committed 39680K, reserved 1114112K
  class space    used 3935K, committed 4416K, reserved 1048576K
}
Event: 27.400 GC heap before
{Heap before GC invocations=24 (full 2):
 PSYoungGen      total 22016K, used 21984K [0x00000000d5580000, 0x00000000d6e80000, 0x0000000100000000)
  eden space 21504K, 100% used [0x00000000d5580000,0x00000000d6a80000,0x00000000d6a80000)
  from space 512K, 93% used [0x00000000d6c00000,0x00000000d6c78020,0x00000000d6c80000)
  to   space 2048K, 0% used [0x00000000d6c80000,0x00000000d6c80000,0x00000000d6e80000)
 ParOldGen       total 68608K, used 30672K [0x0000000080000000, 0x0000000084300000, 0x00000000d5580000)
  object space 68608K, 44% used [0x0000000080000000,0x0000000081df43f0,0x0000000084300000)
 Metaspace       used 40808K, committed 41856K, reserved 1114112K
  class space    used 4155K, committed 4608K, reserved 1048576K
}
Event: 27.405 GC heap after
{Heap after GC invocations=24 (full 2):
 PSYoungGen      total 22016K, used 2037K [0x00000000d5580000, 0x00000000d7180000, 0x0000000100000000)
  eden space 19968K, 0% used [0x00000000d5580000,0x00000000d5580000,0x00000000d6900000)
  from space 2048K, 99% used [0x00000000d6c80000,0x00000000d6e7d468,0x00000000d6e80000)
  to   space 3584K, 0% used [0x00000000d6900000,0x00000000d6900000,0x00000000d6c80000)
 ParOldGen       total 68608K, used 31821K [0x0000000080000000, 0x0000000084300000, 0x00000000d5580000)
  object space 68608K, 46% used [0x0000000080000000,0x0000000081f137c8,0x0000000084300000)
 Metaspace       used 40808K, committed 41856K, reserved 1114112K
  class space    used 4155K, committed 4608K, reserved 1048576K
}
Event: 27.501 GC heap before
{Heap before GC invocations=25 (full 2):
 PSYoungGen      total 22016K, used 22005K [0x00000000d5580000, 0x00000000d7180000, 0x0000000100000000)
  eden space 19968K, 100% used [0x00000000d5580000,0x00000000d6900000,0x00000000d6900000)
  from space 2048K, 99% used [0x00000000d6c80000,0x00000000d6e7d468,0x00000000d6e80000)
  to   space 3584K, 0% used [0x00000000d6900000,0x00000000d6900000,0x00000000d6c80000)
 ParOldGen       total 68608K, used 31821K [0x0000000080000000, 0x0000000084300000, 0x00000000d5580000)
  object space 68608K, 46% used [0x0000000080000000,0x0000000081f137c8,0x0000000084300000)
 Metaspace       used 40907K, committed 42048K, reserved 1114112K
  class space    used 4162K, committed 4672K, reserved 1048576K
}
Event: 27.504 GC heap after
{Heap after GC invocations=25 (full 2):
 PSYoungGen      total 21504K, used 1145K [0x00000000d5580000, 0x00000000d6d00000, 0x0000000100000000)
  eden space 19968K, 0% used [0x00000000d5580000,0x00000000d5580000,0x00000000d6900000)
  from space 1536K, 74% used [0x00000000d6900000,0x00000000d6a1e6f0,0x00000000d6a80000)
  to   space 2048K, 0% used [0x00000000d6b00000,0x00000000d6b00000,0x00000000d6d00000)
 ParOldGen       total 68608K, used 33367K [0x0000000080000000, 0x0000000084300000, 0x00000000d5580000)
  object space 68608K, 48% used [0x0000000080000000,0x0000000082095ca0,0x0000000084300000)
 Metaspace       used 40907K, committed 42048K, reserved 1114112K
  class space    used 4162K, committed 4672K, reserved 1048576K
}
Event: 27.824 GC heap before
{Heap before GC invocations=26 (full 2):
 PSYoungGen      total 21504K, used 21113K [0x00000000d5580000, 0x00000000d6d00000, 0x0000000100000000)
  eden space 19968K, 100% used [0x00000000d5580000,0x00000000d6900000,0x00000000d6900000)
  from space 1536K, 74% used [0x00000000d6900000,0x00000000d6a1e6f0,0x00000000d6a80000)
  to   space 2048K, 0% used [0x00000000d6b00000,0x00000000d6b00000,0x00000000d6d00000)
 ParOldGen       total 68608K, used 33367K [0x0000000080000000, 0x0000000084300000, 0x00000000d5580000)
  object space 68608K, 48% used [0x0000000080000000,0x0000000082095ca0,0x0000000084300000)
 Metaspace       used 42198K, committed 43264K, reserved 1114112K
  class space    used 4267K, committed 4736K, reserved 1048576K
}
Event: 27.825 GC heap after
{Heap after GC invocations=26 (full 2):
 PSYoungGen      total 20480K, used 288K [0x00000000d5580000, 0x00000000d6b80000, 0x0000000100000000)
  eden space 19968K, 0% used [0x00000000d5580000,0x00000000d5580000,0x00000000d6900000)
  from space 512K, 56% used [0x00000000d6b00000,0x00000000d6b48000,0x00000000d6b80000)
  to   space 1024K, 0% used [0x00000000d6980000,0x00000000d6980000,0x00000000d6a80000)
 ParOldGen       total 68608K, used 33448K [0x0000000080000000, 0x0000000084300000, 0x00000000d5580000)
  object space 68608K, 48% used [0x0000000080000000,0x00000000820aa110,0x0000000084300000)
 Metaspace       used 42198K, committed 43264K, reserved 1114112K
  class space    used 4267K, committed 4736K, reserved 1048576K
}

