# JRE version: OpenJDK Runtime Environment Temurin-21.0.12.1+1 (21.0.12.1+1) (build 21.0.12.1+1-LTS)
# Java VM: OpenJDK 64-Bit Server VM Temurin-21.0.12.1+1 (21.0.12.1+1-LTS, mixed mode, sharing, tiered, compressed oops, compressed class ptrs, g1 gc, windows-amd64)
GC Precious Log:
 CardTable entry size: 512
 Card Set container configuration: InlinePtr #cards 5 size 8 Array Of Cards #cards 12 size 40 Howl #buckets 4 coarsen threshold 1843 Howl Bitmap #cards 512 size 80 coarsen threshold 460 Card regions per heap region 1 cards per card region 2048
 CPUs: 8 total, 8 available
 Memory: 7886M
 Large Page Support: Disabled
 NUMA Support: Disabled
 Compressed Oops: Enabled (32-bit)
 Heap Region Size: 1M
 Heap Min Capacity: 8M
 Heap Initial Capacity: 124M
 Heap Max Capacity: 2G
 Pre-touch: Disabled
 Parallel Workers: 8
 Concurrent Workers: 2
 Concurrent Refinement Workers: 8
 Periodic GC: Disabled
Heap:
 garbage-first heap   total 162816K, used 133393K [0x0000000080000000, 0x0000000100000000)
  region size 1024K, 43 young (44032K), 5 survivors (5120K)
 Metaspace       used 92645K, committed 94720K, reserved 1179648K
  class space    used 12676K, committed 13696K, reserved 1048576K
GC Heap History (20 events):
Event: 32.086 GC heap before
{Heap before GC invocations=26 (full 0):
 garbage-first heap   total 116736K, used 77788K [0x0000000080000000, 0x0000000100000000)
  region size 1024K, 9 young (9216K), 4 survivors (4096K)
 Metaspace       used 67894K, committed 69824K, reserved 1114112K
  class space    used 9449K, committed 10368K, reserved 1048576K
}
Event: 32.090 GC heap after
{Heap after GC invocations=27 (full 0):
 garbage-first heap   total 116736K, used 74210K [0x0000000080000000, 0x0000000100000000)
  region size 1024K, 2 young (2048K), 2 survivors (2048K)
 Metaspace       used 67894K, committed 69824K, reserved 1114112K
  class space    used 9449K, committed 10368K, reserved 1048576K
}
Event: 32.663 GC heap before
{Heap before GC invocations=28 (full 0):
 garbage-first heap   total 126976K, used 110050K [0x0000000080000000, 0x0000000100000000)
  region size 1024K, 36 young (36864K), 2 survivors (2048K)
 Metaspace       used 70728K, committed 72576K, reserved 1114112K
  class space    used 9987K, committed 10880K, reserved 1048576K
}
Event: 32.667 GC heap after
{Heap after GC invocations=29 (full 0):
 garbage-first heap   total 126976K, used 74774K [0x0000000080000000, 0x0000000100000000)
  region size 1024K, 3 young (3072K), 3 survivors (3072K)
 Metaspace       used 70728K, committed 72576K, reserved 1114112K
  class space    used 9987K, committed 10880K, reserved 1048576K
}
Event: 33.508 GC heap before
{Heap before GC invocations=29 (full 0):
 garbage-first heap   total 126976K, used 118806K [0x0000000080000000, 0x0000000100000000)
  region size 1024K, 46 young (47104K), 3 survivors (3072K)
 Metaspace       used 74472K, committed 76480K, reserved 1114112K
  class space    used 10542K, committed 11520K, reserved 1048576K
}
Event: 33.512 GC heap after
{Heap after GC invocations=30 (full 0):
 garbage-first heap   total 126976K, used 76512K [0x0000000080000000, 0x0000000100000000)
  region size 1024K, 5 young (5120K), 5 survivors (5120K)
 Metaspace       used 74472K, committed 76480K, reserved 1114112K
  class space    used 10542K, committed 11520K, reserved 1048576K
}
Event: 33.827 GC heap before
{Heap before GC invocations=30 (full 0):
 garbage-first heap   total 126976K, used 95968K [0x0000000080000000, 0x0000000100000000)
  region size 1024K, 26 young (26624K), 5 survivors (5120K)
 Metaspace       used 76143K, committed 78144K, reserved 1179648K
  class space    used 10716K, committed 11712K, reserved 1048576K
}
Event: 33.834 GC heap after
{Heap after GC invocations=31 (full 0):
 garbage-first heap   total 126976K, used 80603K [0x0000000080000000, 0x0000000100000000)
  region size 1024K, 6 young (6144K), 6 survivors (6144K)
 Metaspace       used 76143K, committed 78144K, reserved 1179648K
  class space    used 10716K, committed 11712K, reserved 1048576K
}
Event: 34.674 GC heap before
{Heap before GC invocations=32 (full 0):
 garbage-first heap   total 143360K, used 119515K [0x0000000080000000, 0x0000000100000000)
  region size 1024K, 40 young (40960K), 6 survivors (6144K)
 Metaspace       used 80840K, committed 82944K, reserved 1179648K
  class space    used 11264K, committed 12288K, reserved 1048576K
}
Event: 34.681 GC heap after
{Heap after GC invocations=33 (full 0):
 garbage-first heap   total 143360K, used 82444K [0x0000000080000000, 0x0000000100000000)
  region size 1024K, 2 young (2048K), 2 survivors (2048K)
 Metaspace       used 80840K, committed 82944K, reserved 1179648K
  class space    used 11264K, committed 12288K, reserved 1048576K
}
Event: 114.653 GC heap before
{Heap before GC invocations=33 (full 0):
 garbage-first heap   total 143360K, used 128524K [0x0000000080000000, 0x0000000100000000)
  region size 1024K, 48 young (49152K), 2 survivors (2048K)
 Metaspace       used 83459K, committed 85504K, reserved 1179648K
  class space    used 11466K, committed 12480K, reserved 1048576K
}
Event: 114.676 GC heap after
{Heap after GC invocations=34 (full 0):
 garbage-first heap   total 143360K, used 86199K [0x0000000080000000, 0x0000000100000000)
  region size 1024K, 6 young (6144K), 6 survivors (6144K)
 Metaspace       used 83459K, committed 85504K, reserved 1179648K
  class space    used 11466K, committed 12480K, reserved 1048576K
}
Event: 127.455 GC heap before
{Heap before GC invocations=34 (full 0):
 garbage-first heap   total 143360K, used 130231K [0x0000000080000000, 0x0000000100000000)
  region size 1024K, 49 young (50176K), 6 survivors (6144K)
 Metaspace       used 84029K, committed 86080K, reserved 1179648K
  class space    used 11498K, committed 12480K, reserved 1048576K
}
Event: 127.474 GC heap after
{Heap after GC invocations=35 (full 0):
 garbage-first heap   total 143360K, used 89139K [0x0000000080000000, 0x0000000100000000)
  region size 1024K, 6 young (6144K), 6 survivors (6144K)
 Metaspace       used 84029K, committed 86080K, reserved 1179648K
  class space    used 11498K, committed 12480K, reserved 1048576K
}
Event: 128.516 GC heap before
{Heap before GC invocations=36 (full 0):
 garbage-first heap   total 150528K, used 131123K [0x0000000080000000, 0x0000000100000000)
  region size 1024K, 46 young (47104K), 6 survivors (6144K)
 Metaspace       used 86566K, committed 88576K, reserved 1179648K
  class space    used 11860K, committed 12864K, reserved 1048576K
}
Event: 128.524 GC heap after
{Heap after GC invocations=37 (full 0):
 garbage-first heap   total 150528K, used 92360K [0x0000000080000000, 0x0000000100000000)
  region size 1024K, 3 young (3072K), 3 survivors (3072K)
 Metaspace       used 86566K, committed 88576K, reserved 1179648K
  class space    used 11860K, committed 12864K, reserved 1048576K
}
Event: 129.187 GC heap before
{Heap before GC invocations=37 (full 0):
 garbage-first heap   total 150528K, used 137416K [0x0000000080000000, 0x0000000100000000)
  region size 1024K, 47 young (48128K), 3 survivors (3072K)
 Metaspace       used 89302K, committed 91456K, reserved 1179648K
  class space    used 12264K, committed 13312K, reserved 1048576K
}
Event: 129.193 GC heap after
{Heap after GC invocations=38 (full 0):
 garbage-first heap   total 150528K, used 94933K [0x0000000080000000, 0x0000000100000000)
  region size 1024K, 6 young (6144K), 6 survivors (6144K)
 Metaspace       used 89302K, committed 91456K, reserved 1179648K
  class space    used 12264K, committed 13312K, reserved 1048576K
}
Event: 528.780 GC heap before
{Heap before GC invocations=38 (full 0):
 garbage-first heap   total 150528K, used 138965K [0x0000000080000000, 0x0000000100000000)
  region size 1024K, 49 young (50176K), 6 survivors (6144K)
 Metaspace       used 92480K, committed 94528K, reserved 1179648K
  class space    used 12674K, committed 13696K, reserved 1048576K
}
Event: 529.012 GC heap after
{Heap after GC invocations=39 (full 0):
 garbage-first heap   total 150528K, used 96529K [0x0000000080000000, 0x0000000100000000)
  region size 1024K, 5 young (5120K), 5 survivors (5120K)
 Metaspace       used 92480K, committed 94528K, reserved 1179648K
  class space    used 12674K, committed 13696K, reserved 1048576K
}

