# JRE version: OpenJDK Runtime Environment Temurin-21.0.12.1+1 (21.0.12.1+1) (build 21.0.12.1+1-LTS)
# Java VM: OpenJDK 64-Bit Server VM Temurin-21.0.12.1+1 (21.0.12.1+1-LTS, mixed mode, sharing, tiered, compressed oops, compressed class ptrs, g1 gc, windows-amd64)
GC Precious Log:
 CardTable entry size: 512
 Card Set container configuration: InlinePtr #cards 5 size 8 Array Of Cards #cards 12 size 40 Howl #buckets 4 coarsen threshold 1843 Howl Bitmap #cards 512 size 80 coarsen threshold 460 Card regions per heap region 1 cards per card region 2048
 CPUs: 8 total, 8 available
 Memory: 7886M
 Large Page Support: Disabled
 NUMA Support: Disabled
 Compressed Oops: Enabled (32-bit)
 Heap Region Size: 1M
 Heap Min Capacity: 8M
 Heap Initial Capacity: 124M
 Heap Max Capacity: 2G
 Pre-touch: Disabled
 Parallel Workers: 8
 Concurrent Workers: 2
 Concurrent Refinement Workers: 8
 Periodic GC: Disabled
Heap:
 garbage-first heap   total 126976K, used 68734K [0x0000000080000000, 0x0000000100000000)
  region size 1024K, 57 young (58368K), 10 survivors (10240K)
 Metaspace       used 18434K, committed 19008K, reserved 1114112K
  class space    used 2622K, committed 2880K, reserved 1048576K
GC Heap History (6 events):
Event: 14.420 GC heap before
{Heap before GC invocations=0 (full 0):
 garbage-first heap   total 126976K, used 26624K [0x0000000080000000, 0x0000000100000000)
  region size 1024K, 23 young (23552K), 0 survivors (0K)
 Metaspace       used 1131K, committed 1280K, reserved 1114112K
  class space    used 81K, committed 128K, reserved 1048576K
}
Event: 14.667 GC heap after
{Heap after GC invocations=1 (full 0):
 garbage-first heap   total 126976K, used 10176K [0x0000000080000000, 0x0000000100000000)
  region size 1024K, 3 young (3072K), 3 survivors (3072K)
 Metaspace       used 1131K, committed 1280K, reserved 1114112K
  class space    used 81K, committed 128K, reserved 1048576K
}
Event: 30.658 GC heap before
{Heap before GC invocations=1 (full 0):
 garbage-first heap   total 126976K, used 39872K [0x0000000080000000, 0x0000000100000000)
  region size 1024K, 32 young (32768K), 3 survivors (3072K)
 Metaspace       used 4295K, committed 4480K, reserved 1114112K
  class space    used 545K, committed 640K, reserved 1048576K
}
Event: 30.671 GC heap after
{Heap after GC invocations=2 (full 0):
 garbage-first heap   total 126976K, used 12296K [0x0000000080000000, 0x0000000100000000)
  region size 1024K, 2 young (2048K), 2 survivors (2048K)
 Metaspace       used 4295K, committed 4480K, reserved 1114112K
  class space    used 545K, committed 640K, reserved 1048576K
}
Event: 53.649 GC heap before
{Heap before GC invocations=2 (full 0):
 garbage-first heap   total 126976K, used 88072K [0x0000000080000000, 0x0000000100000000)
  region size 1024K, 74 young (75776K), 2 survivors (2048K)
 Metaspace       used 11406K, committed 11712K, reserved 1114112K
  class space    used 1523K, committed 1664K, reserved 1048576K
}
Event: 53.689 GC heap after
{Heap after GC invocations=3 (full 0):
 garbage-first heap   total 126976K, used 21630K [0x0000000080000000, 0x0000000100000000)
  region size 1024K, 10 young (10240K), 10 survivors (10240K)
 Metaspace       used 11406K, committed 11712K, reserved 1114112K
  class space    used 1523K, committed 1664K, reserved 1048576K
}

