# JRE version: OpenJDK Runtime Environment Temurin-21.0.12.1+1 (21.0.12.1+1) (build 21.0.12.1+1-LTS)
# Java VM: OpenJDK 64-Bit Server VM Temurin-21.0.12.1+1 (21.0.12.1+1-LTS, mixed mode, sharing, tiered, compressed oops, compressed class ptrs, g1 gc, windows-amd64)
GC Precious Log:
 CardTable entry size: 512
 Card Set container configuration: InlinePtr #cards 5 size 8 Array Of Cards #cards 12 size 40 Howl #buckets 4 coarsen threshold 1843 Howl Bitmap #cards 512 size 80 coarsen threshold 460 Card regions per heap region 1 cards per card region 2048
 CPUs: 8 total, 8 available
 Memory: 7886M
 Large Page Support: Disabled
 NUMA Support: Disabled
 Compressed Oops: Enabled (32-bit)
 Heap Region Size: 1M
 Heap Min Capacity: 8M
 Heap Initial Capacity: 124M
 Heap Max Capacity: 2G
 Pre-touch: Disabled
 Parallel Workers: 8
 Concurrent Workers: 2
 Concurrent Refinement Workers: 8
 Periodic GC: Disabled
Heap:
 garbage-first heap   total 142336K, used 41235K [0x0000000080000000, 0x0000000100000000)
  region size 1024K, 7 young (7168K), 2 survivors (2048K)
 Metaspace       used 43656K, committed 45184K, reserved 1114112K
  class space    used 6256K, committed 6976K, reserved 1048576K
GC Heap History (20 events):
Event: 36.767 GC heap before
{Heap before GC invocations=3 (full 0):
 garbage-first heap   total 126976K, used 75295K [0x0000000080000000, 0x0000000100000000)
  region size 1024K, 64 young (65536K), 10 survivors (10240K)
 Metaspace       used 20814K, committed 21504K, reserved 1114112K
  class space    used 3035K, committed 3392K, reserved 1048576K
}
Event: 36.804 GC heap after
{Heap after GC invocations=4 (full 0):
 garbage-first heap   total 126976K, used 24945K [0x0000000080000000, 0x0000000100000000)
  region size 1024K, 4 young (4096K), 4 survivors (4096K)
 Metaspace       used 20814K, committed 21504K, reserved 1114112K
  class space    used 3035K, committed 3392K, reserved 1048576K
}
Event: 43.947 GC heap before
{Heap before GC invocations=5 (full 0):
 garbage-first heap   total 86016K, used 72049K [0x0000000080000000, 0x0000000100000000)
  region size 1024K, 50 young (51200K), 4 survivors (4096K)
 Metaspace       used 26983K, committed 27968K, reserved 1114112K
  class space    used 4041K, committed 4544K, reserved 1048576K
}
Event: 43.971 GC heap after
{Heap after GC invocations=6 (full 0):
 garbage-first heap   total 86016K, used 27199K [0x0000000080000000, 0x0000000100000000)
  region size 1024K, 7 young (7168K), 7 survivors (7168K)
 Metaspace       used 26983K, committed 27968K, reserved 1114112K
  class space    used 4041K, committed 4544K, reserved 1048576K
}
Event: 66.748 GC heap before
{Heap before GC invocations=6 (full 0):
 garbage-first heap   total 86016K, used 70207K [0x0000000080000000, 0x0000000100000000)
  region size 1024K, 49 young (50176K), 7 survivors (7168K)
 Metaspace       used 34472K, committed 35776K, reserved 1114112K
  class space    used 5033K, committed 5696K, reserved 1048576K
}
Event: 66.777 GC heap after
{Heap after GC invocations=7 (full 0):
 garbage-first heap   total 86016K, used 30671K [0x0000000080000000, 0x0000000100000000)
  region size 1024K, 7 young (7168K), 7 survivors (7168K)
 Metaspace       used 34472K, committed 35776K, reserved 1114112K
  class space    used 5033K, committed 5696K, reserved 1048576K
}
Event: 66.885 GC heap before
{Heap before GC invocations=7 (full 0):
 garbage-first heap   total 86016K, used 30671K [0x0000000080000000, 0x0000000100000000)
  region size 1024K, 9 young (9216K), 7 survivors (7168K)
 Metaspace       used 34735K, committed 35968K, reserved 1114112K
  class space    used 5038K, committed 5696K, reserved 1048576K
}
Event: 66.894 GC heap after
{Heap after GC invocations=8 (full 0):
 garbage-first heap   total 86016K, used 31744K [0x0000000080000000, 0x0000000100000000)
  region size 1024K, 1 young (1024K), 1 survivors (1024K)
 Metaspace       used 34735K, committed 35968K, reserved 1114112K
  class space    used 5038K, committed 5696K, reserved 1048576K
}
Event: 116.492 GC heap before
{Heap before GC invocations=9 (full 0):
 garbage-first heap   total 86016K, used 80896K [0x0000000080000000, 0x0000000100000000)
  region size 1024K, 44 young (45056K), 1 survivors (1024K)
 Metaspace       used 38258K, committed 39616K, reserved 1114112K
  class space    used 5494K, committed 6144K, reserved 1048576K
}
Event: 117.433 GC heap after
{Heap after GC invocations=10 (full 0):
 garbage-first heap   total 86016K, used 34564K [0x0000000080000000, 0x0000000100000000)
  region size 1024K, 4 young (4096K), 4 survivors (4096K)
 Metaspace       used 38258K, committed 39616K, reserved 1114112K
  class space    used 5494K, committed 6144K, reserved 1048576K
}
Event: 117.959 GC heap before
{Heap before GC invocations=10 (full 0):
 garbage-first heap   total 86016K, used 35588K [0x0000000080000000, 0x0000000100000000)
  region size 1024K, 5 young (5120K), 4 survivors (4096K)
 Metaspace       used 38297K, committed 39616K, reserved 1114112K
  class space    used 5501K, committed 6144K, reserved 1048576K
}
Event: 118.051 GC heap after
{Heap after GC invocations=11 (full 0):
 garbage-first heap   total 142336K, used 34304K [0x0000000080000000, 0x0000000100000000)
  region size 1024K, 1 young (1024K), 1 survivors (1024K)
 Metaspace       used 38297K, committed 39616K, reserved 1114112K
  class space    used 5501K, committed 6144K, reserved 1048576K
}
Event: 118.739 GC heap before
{Heap before GC invocations=11 (full 0):
 garbage-first heap   total 142336K, used 39424K [0x0000000080000000, 0x0000000100000000)
  region size 1024K, 6 young (6144K), 1 survivors (1024K)
 Metaspace       used 38443K, committed 39808K, reserved 1114112K
  class space    used 5518K, committed 6208K, reserved 1048576K
}
Event: 118.741 GC heap after
{Heap after GC invocations=12 (full 0):
 garbage-first heap   total 142336K, used 34273K [0x0000000080000000, 0x0000000100000000)
  region size 1024K, 1 young (1024K), 1 survivors (1024K)
 Metaspace       used 38443K, committed 39808K, reserved 1114112K
  class space    used 5518K, committed 6208K, reserved 1048576K
}
Event: 121.847 GC heap before
{Heap before GC invocations=12 (full 0):
 garbage-first heap   total 142336K, used 45537K [0x0000000080000000, 0x0000000100000000)
  region size 1024K, 12 young (12288K), 1 survivors (1024K)
 Metaspace       used 39104K, committed 40512K, reserved 1114112K
  class space    used 5633K, committed 6336K, reserved 1048576K
}
Event: 121.851 GC heap after
{Heap after GC invocations=13 (full 0):
 garbage-first heap   total 142336K, used 35367K [0x0000000080000000, 0x0000000100000000)
  region size 1024K, 2 young (2048K), 2 survivors (2048K)
 Metaspace       used 39104K, committed 40512K, reserved 1114112K
  class space    used 5633K, committed 6336K, reserved 1048576K
}
Event: 123.025 GC heap before
{Heap before GC invocations=13 (full 0):
 garbage-first heap   total 142336K, used 44583K [0x0000000080000000, 0x0000000100000000)
  region size 1024K, 11 young (11264K), 2 survivors (2048K)
 Metaspace       used 40108K, committed 41536K, reserved 1114112K
  class space    used 5764K, committed 6464K, reserved 1048576K
}
Event: 123.028 GC heap after
{Heap after GC invocations=14 (full 0):
 garbage-first heap   total 142336K, used 36272K [0x0000000080000000, 0x0000000100000000)
  region size 1024K, 1 young (1024K), 1 survivors (1024K)
 Metaspace       used 40108K, committed 41536K, reserved 1114112K
  class space    used 5764K, committed 6464K, reserved 1048576K
}
Event: 126.197 GC heap before
{Heap before GC invocations=14 (full 0):
 garbage-first heap   total 142336K, used 58800K [0x0000000080000000, 0x0000000100000000)
  region size 1024K, 22 young (22528K), 1 survivors (1024K)
 Metaspace       used 43294K, committed 44800K, reserved 1114112K
  class space    used 6194K, committed 6912K, reserved 1048576K
}
Event: 126.201 GC heap after
{Heap after GC invocations=15 (full 0):
 garbage-first heap   total 142336K, used 37139K [0x0000000080000000, 0x0000000100000000)
  region size 1024K, 2 young (2048K), 2 survivors (2048K)
 Metaspace       used 43294K, committed 44800K, reserved 1114112K
  class space    used 6194K, committed 6912K, reserved 1048576K
}

