# JRE version: OpenJDK Runtime Environment Temurin-21.0.12.1+1 (21.0.12.1+1) (build 21.0.12.1+1-LTS)
# Java VM: OpenJDK 64-Bit Server VM Temurin-21.0.12.1+1 (21.0.12.1+1-LTS, mixed mode, sharing, tiered, compressed oops, compressed class ptrs, g1 gc, windows-amd64)
GC Precious Log:
 CardTable entry size: 512
 Card Set container configuration: InlinePtr #cards 5 size 8 Array Of Cards #cards 12 size 40 Howl #buckets 4 coarsen threshold 1843 Howl Bitmap #cards 512 size 80 coarsen threshold 460 Card regions per heap region 1 cards per card region 2048
 CPUs: 8 total, 8 available
 Memory: 7886M
 Large Page Support: Disabled
 NUMA Support: Disabled
 Compressed Oops: Enabled (32-bit)
 Heap Region Size: 1M
 Heap Min Capacity: 8M
 Heap Initial Capacity: 124M
 Heap Max Capacity: 2G
 Pre-touch: Disabled
 Parallel Workers: 8
 Concurrent Workers: 2
 Concurrent Refinement Workers: 8
 Periodic GC: Disabled
Heap:
 garbage-first heap   total 86016K, used 66059K [0x0000000080000000, 0x0000000100000000)
  region size 1024K, 40 young (40960K), 4 survivors (4096K)
 Metaspace       used 37878K, committed 39232K, reserved 1114112K
  class space    used 5479K, committed 6144K, reserved 1048576K
GC Heap History (14 events):
Event: 4.931 GC heap before
{Heap before GC invocations=0 (full 0):
 garbage-first heap   total 126976K, used 26624K [0x0000000080000000, 0x0000000100000000)
  region size 1024K, 23 young (23552K), 0 survivors (0K)
 Metaspace       used 1120K, committed 1216K, reserved 1114112K
  class space    used 83K, committed 128K, reserved 1048576K
}
Event: 5.335 GC heap after
{Heap after GC invocations=1 (full 0):
 garbage-first heap   total 126976K, used 10240K [0x0000000080000000, 0x0000000100000000)
  region size 1024K, 3 young (3072K), 3 survivors (3072K)
 Metaspace       used 1120K, committed 1216K, reserved 1114112K
  class space    used 83K, committed 128K, reserved 1048576K
}
Event: 8.935 GC heap before
{Heap before GC invocations=1 (full 0):
 garbage-first heap   total 126976K, used 39936K [0x0000000080000000, 0x0000000100000000)
  region size 1024K, 32 young (32768K), 3 survivors (3072K)
 Metaspace       used 4278K, committed 4480K, reserved 1114112K
  class space    used 546K, committed 640K, reserved 1048576K
}
Event: 8.943 GC heap after
{Heap after GC invocations=2 (full 0):
 garbage-first heap   total 126976K, used 12154K [0x0000000080000000, 0x0000000100000000)
  region size 1024K, 2 young (2048K), 2 survivors (2048K)
 Metaspace       used 4278K, committed 4480K, reserved 1114112K
  class space    used 546K, committed 640K, reserved 1048576K
}
Event: 16.923 GC heap before
{Heap before GC invocations=2 (full 0):
 garbage-first heap   total 126976K, used 86906K [0x0000000080000000, 0x0000000100000000)
  region size 1024K, 74 young (75776K), 2 survivors (2048K)
 Metaspace       used 12728K, committed 13120K, reserved 1114112K
  class space    used 1726K, committed 1920K, reserved 1048576K
}
Event: 17.628 GC heap after
{Heap after GC invocations=3 (full 0):
 garbage-first heap   total 126976K, used 21235K [0x0000000080000000, 0x0000000100000000)
  region size 1024K, 10 young (10240K), 10 survivors (10240K)
 Metaspace       used 12728K, committed 13120K, reserved 1114112K
  class space    used 1726K, committed 1920K, reserved 1048576K
}
Event: 34.838 GC heap before
{Heap before GC invocations=3 (full 0):
 garbage-first heap   total 126976K, used 74483K [0x0000000080000000, 0x0000000100000000)
  region size 1024K, 64 young (65536K), 10 survivors (10240K)
 Metaspace       used 20835K, committed 21504K, reserved 1114112K
  class space    used 3040K, committed 3328K, reserved 1048576K
}
Event: 34.861 GC heap after
{Heap after GC invocations=4 (full 0):
 garbage-first heap   total 126976K, used 25003K [0x0000000080000000, 0x0000000100000000)
  region size 1024K, 4 young (4096K), 4 survivors (4096K)
 Metaspace       used 20835K, committed 21504K, reserved 1114112K
  class space    used 3040K, committed 3328K, reserved 1048576K
}
Event: 42.991 GC heap before
{Heap before GC invocations=5 (full 0):
 garbage-first heap   total 86016K, used 72107K [0x0000000080000000, 0x0000000100000000)
  region size 1024K, 50 young (51200K), 4 survivors (4096K)
 Metaspace       used 26917K, committed 27968K, reserved 1114112K
  class space    used 4046K, committed 4544K, reserved 1048576K
}
Event: 43.024 GC heap after
{Heap after GC invocations=6 (full 0):
 garbage-first heap   total 86016K, used 27688K [0x0000000080000000, 0x0000000100000000)
  region size 1024K, 7 young (7168K), 7 survivors (7168K)
 Metaspace       used 26917K, committed 27968K, reserved 1114112K
  class space    used 4046K, committed 4544K, reserved 1048576K
}
Event: 128.142 GC heap before
{Heap before GC invocations=6 (full 0):
 garbage-first heap   total 86016K, used 69672K [0x0000000080000000, 0x0000000100000000)
  region size 1024K, 49 young (50176K), 7 survivors (7168K)
 Metaspace       used 30708K, committed 32000K, reserved 1114112K
  class space    used 4605K, committed 5248K, reserved 1048576K
}
Event: 128.230 GC heap after
{Heap after GC invocations=7 (full 0):
 garbage-first heap   total 86016K, used 28945K [0x0000000080000000, 0x0000000100000000)
  region size 1024K, 5 young (5120K), 5 survivors (5120K)
 Metaspace       used 30708K, committed 32000K, reserved 1114112K
  class space    used 4605K, committed 5248K, reserved 1048576K
}
Event: 133.839 GC heap before
{Heap before GC invocations=7 (full 0):
 garbage-first heap   total 86016K, used 46353K [0x0000000080000000, 0x0000000100000000)
  region size 1024K, 23 young (23552K), 5 survivors (5120K)
 Metaspace       used 34878K, committed 36096K, reserved 1114112K
  class space    used 5049K, committed 5632K, reserved 1048576K
}
Event: 133.857 GC heap after
{Heap after GC invocations=8 (full 0):
 garbage-first heap   total 86016K, used 31243K [0x0000000080000000, 0x0000000100000000)
  region size 1024K, 4 young (4096K), 4 survivors (4096K)
 Metaspace       used 34878K, committed 36096K, reserved 1114112K
  class space    used 5049K, committed 5632K, reserved 1048576K
}

